<?xml version="1.0" encoding="UTF-8"?>
<!-- Generated by org.testng.reporters.JUnitXMLReporter -->
<testsuite hostname="Saravanans-MacBook-Pro.local" ignored="0" name="Default test" tests="1" failures="0" timestamp="2020-02-07T10:23:17 PST" time="1.07" errors="0">
  <testcase name="@BeforeTest setUp" time="1.001" classname="GradleDemo.GridExecution">
    <failure type="org.openqa.selenium.WebDriverException" message="Unable to parse remote response: &amp;lt;!DOCTYPE html&amp;gt;
&amp;lt;html lang=&amp;quot;en&amp;quot;&amp;gt;
&amp;lt;head&amp;gt;
  &amp;lt;meta charset=&amp;quot;UTF-8&amp;quot;&amp;gt;
  &amp;lt;link rel=&amp;quot;stylesheet&amp;quot; type=&amp;quot;text/css&amp;quot; href=&amp;quot;/assets/displayhelpservlet.css&amp;quot; media=&amp;quot;all&amp;quot;/&amp;gt;
  &amp;lt;link href=&amp;quot;/assets/favicon.ico&amp;quot; rel=&amp;quot;icon&amp;quot; type=&amp;quot;image/x-icon&amp;quot; /&amp;gt;
  &amp;lt;script src=&amp;quot;/assets/jquery-3.1.1.min.js&amp;quot; type=&amp;quot;text/javascript&amp;quot;&amp;gt;&amp;lt;/script&amp;gt;
  &amp;lt;script src=&amp;quot;/assets/displayhelpservlet.js&amp;quot; type=&amp;quot;text/javascript&amp;quot;&amp;gt;&amp;lt;/script&amp;gt;
  &amp;lt;script type=&amp;quot;text/javascript&amp;quot;&amp;gt;
    var json = Object.freeze(&amp;apos;{&amp;quot;consoleLink&amp;quot;: &amp;quot;\u002fgrid\u002fconsole&amp;quot;,&amp;quot;type&amp;quot;: &amp;quot;Grid Hub&amp;quot;,&amp;quot;class&amp;quot;: &amp;quot;org.openqa.grid.web.servlet.DisplayHelpHandler$DisplayHelpServletConfig&amp;quot;,&amp;quot;version&amp;quot;: &amp;quot;3.141.59&amp;quot;}&amp;apos;);
  &amp;lt;/script&amp;gt;
&amp;lt;/head&amp;gt;
&amp;lt;body&amp;gt;

&amp;lt;div id=&amp;quot;content&amp;quot;&amp;gt;
  &amp;lt;div id=&amp;quot;help-heading&amp;quot;&amp;gt;
    &amp;lt;h1&amp;gt;&amp;lt;span id=&amp;quot;logo&amp;quot;&amp;gt;&amp;lt;/span&amp;gt;&amp;lt;/h1&amp;gt;
    &amp;lt;h2&amp;gt;Selenium &amp;lt;span class=&amp;quot;se-type&amp;quot;&amp;gt;&amp;lt;/span&amp;gt;&amp;amp;nbsp;v.&amp;lt;span class=&amp;quot;se-version&amp;quot;&amp;gt;&amp;lt;/span&amp;gt;&amp;lt;/h2&amp;gt;
  &amp;lt;/div&amp;gt;

  &amp;lt;div id=&amp;quot;content-body&amp;quot;&amp;gt;
    &amp;lt;p&amp;gt;
      Whoops! The URL specified routes to this help page.
    &amp;lt;/p&amp;gt;
    &amp;lt;p&amp;gt;
      For more information about Selenium &amp;lt;span class=&amp;quot;se-type&amp;quot;&amp;gt;&amp;lt;/span&amp;gt; please see the
      &amp;lt;a class=&amp;quot;se-docs&amp;quot;&amp;gt;docs&amp;lt;/a&amp;gt; and/or visit the &amp;lt;a class=&amp;quot;se-wiki&amp;quot;&amp;gt;wiki&amp;lt;/a&amp;gt;.
      &amp;lt;span id=&amp;quot;console-item&amp;quot;&amp;gt;
        Or perhaps you are looking for the Selenium &amp;lt;span class=&amp;quot;se-type&amp;quot;&amp;gt;&amp;lt;/span&amp;gt; &amp;lt;a class=&amp;quot;se-console&amp;quot;&amp;gt;console&amp;lt;/a&amp;gt;.
      &amp;lt;/span&amp;gt;
    &amp;lt;/p&amp;gt;
    &amp;lt;p&amp;gt;
      Happy Testing!
    &amp;lt;/p&amp;gt;
  &amp;lt;/div&amp;gt;

  &amp;lt;div&amp;gt;
    &amp;lt;footer id=&amp;quot;help-footer&amp;quot;&amp;gt;
      Selenium is made possible through the efforts of our open source community, contributions from
      these &amp;lt;a href=&amp;quot;https://github.com/SeleniumHQ/selenium/blob/master/AUTHORS&amp;quot;&amp;gt;people&amp;lt;/a&amp;gt;, and our
      &amp;lt;a href=&amp;quot;http://www.seleniumhq.org/sponsors/&amp;quot;&amp;gt;sponsors&amp;lt;/a&amp;gt;.
   &amp;lt;/footer&amp;gt;
  &amp;lt;/div&amp;gt;
 &amp;lt;/div&amp;gt;

&amp;lt;/body&amp;gt;
&amp;lt;/html&amp;gt;">
      <![CDATA[org.openqa.selenium.WebDriverException: Unable to parse remote response: <!DOCTYPE html>
<html lang="en">
<head>
  <meta charset="UTF-8">
  <link rel="stylesheet" type="text/css" href="/assets/displayhelpservlet.css" media="all"/>
  <link href="/assets/favicon.ico" rel="icon" type="image/x-icon" />
  <script src="/assets/jquery-3.1.1.min.js" type="text/javascript"></script>
  <script src="/assets/displayhelpservlet.js" type="text/javascript"></script>
  <script type="text/javascript">
    var json = Object.freeze('{"consoleLink": "\u002fgrid\u002fconsole","type": "Grid Hub","class": "org.openqa.grid.web.servlet.DisplayHelpHandler$DisplayHelpServletConfig","version": "3.141.59"}');
  </script>
</head>
<body>

<div id="content">
  <div id="help-heading">
    <h1><span id="logo"></span></h1>
    <h2>Selenium <span class="se-type"></span>&nbsp;v.<span class="se-version"></span></h2>
  </div>

  <div id="content-body">
    <p>
      Whoops! The URL specified routes to this help page.
    </p>
    <p>
      For more information about Selenium <span class="se-type"></span> please see the
      <a class="se-docs">docs</a> and/or visit the <a class="se-wiki">wiki</a>.
      <span id="console-item">
        Or perhaps you are looking for the Selenium <span class="se-type"></span> <a class="se-console">console</a>.
      </span>
    </p>
    <p>
      Happy Testing!
    </p>
  </div>

  <div>
    <footer id="help-footer">
      Selenium is made possible through the efforts of our open source community, contributions from
      these <a href="https://github.com/SeleniumHQ/selenium/blob/master/AUTHORS">people</a>, and our
      <a href="http://www.seleniumhq.org/sponsors/">sponsors</a>.
   </footer>
  </div>
 </div>

</body>
</html>
at org.openqa.selenium.remote.ProtocolHandshake.createSession(ProtocolHandshake.java:115)
at org.openqa.selenium.remote.ProtocolHandshake.createSession(ProtocolHandshake.java:74)
at org.openqa.selenium.remote.HttpCommandExecutor.execute(HttpCommandExecutor.java:136)
at org.openqa.selenium.remote.RemoteWebDriver.execute(RemoteWebDriver.java:552)
at org.openqa.selenium.remote.RemoteWebDriver.startSession(RemoteWebDriver.java:213)
at org.openqa.selenium.remote.RemoteWebDriver.<init>(RemoteWebDriver.java:131)
at org.openqa.selenium.remote.RemoteWebDriver.<init>(RemoteWebDriver.java:144)
at GradleDemo.GridExecution.setUp(GridExecution.java:25)
at sun.reflect.NativeMethodAccessorImpl.invoke0(Native Method)
at sun.reflect.NativeMethodAccessorImpl.invoke(NativeMethodAccessorImpl.java:62)
at sun.reflect.DelegatingMethodAccessorImpl.invoke(DelegatingMethodAccessorImpl.java:43)
at java.lang.reflect.Method.invoke(Method.java:497)
at org.testng.internal.MethodInvocationHelper.invokeMethod(MethodInvocationHelper.java:134)
at org.testng.internal.MethodInvocationHelper.invokeMethodConsideringTimeout(MethodInvocationHelper.java:63)
at org.testng.internal.ConfigInvoker.invokeConfigurationMethod(ConfigInvoker.java:348)
at org.testng.internal.ConfigInvoker.invokeConfigurations(ConfigInvoker.java:302)
at org.testng.TestRunner.invokeTestConfigurations(TestRunner.java:619)
at org.testng.TestRunner.beforeRun(TestRunner.java:609)
at org.testng.TestRunner.run(TestRunner.java:580)
at org.testng.SuiteRunner.runTest(SuiteRunner.java:384)
at org.testng.SuiteRunner.runSequentially(SuiteRunner.java:378)
at org.testng.SuiteRunner.privateRun(SuiteRunner.java:337)
at org.testng.SuiteRunner.run(SuiteRunner.java:286)
at org.testng.SuiteRunnerWorker.runSuite(SuiteRunnerWorker.java:53)
at org.testng.SuiteRunnerWorker.run(SuiteRunnerWorker.java:96)
at org.testng.TestNG.runSuitesSequentially(TestNG.java:1187)
at org.testng.TestNG.runSuitesLocally(TestNG.java:1109)
at org.testng.TestNG.runSuites(TestNG.java:1039)
at org.testng.TestNG.run(TestNG.java:1007)
at org.testng.remote.AbstractRemoteTestNG.run(AbstractRemoteTestNG.java:115)
at org.testng.remote.RemoteTestNG.initAndRun(RemoteTestNG.java:251)
at org.testng.remote.RemoteTestNG.main(RemoteTestNG.java:77)
Caused by: org.openqa.selenium.json.JsonException: Unable to determine type from: <. Last 1 characters read: <
Build info: version: '3.141.59', revision: 'e82be7d358', time: '2018-11-14T08:17:03'
System info: host: 'Saravanans-MacBook-Pro.local', ip: 'fe80:0:0:0:7b:776d:ae33:e581%en0', os.name: 'Mac OS X', os.arch: 'x86_64', os.version: '10.13.6', java.version: '1.8.0_45'
Driver info: driver.version: RemoteWebDriver
at org.openqa.selenium.json.JsonInput.peek(JsonInput.java:122)
at org.openqa.selenium.json.JsonTypeCoercer.lambda$null$6(JsonTypeCoercer.java:140)
at org.openqa.selenium.json.JsonTypeCoercer$$Lambda$124/1741979653.apply(Unknown Source)
at org.openqa.selenium.json.JsonTypeCoercer.coerce(JsonTypeCoercer.java:126)
at org.openqa.selenium.json.Json.toType(Json.java:69)
at org.openqa.selenium.json.Json.toType(Json.java:55)
at org.openqa.selenium.json.Json.toType(Json.java:50)
at org.openqa.selenium.remote.ProtocolHandshake.createSession(ProtocolHandshake.java:112)
... 31 more
]]>
    </failure>
  </testcase> <!-- @BeforeTest setUp -->
  <testcase name="@AfterTest afterTest" time="-1.581099797356E9" classname="GradleDemo.GridExecution">
    <skipped/>
  </testcase> <!-- @AfterTest afterTest -->
  <testcase name="test" time="0.0" classname="GradleDemo.GridExecution">
    <skipped/>
  </testcase> <!-- test -->
</testsuite> <!-- Default test -->
