<?xml version="1.0" encoding="UTF-8"?>
<testng-results skipped="0" failed="0" ignored="0" total="1" passed="1">
  <reporter-output>
  </reporter-output>
  <suite name="Default suite" duration-ms="11946" started-at="2020-02-04T19:55:28 PST" finished-at="2020-02-04T19:55:40 PST">
    <groups>
    </groups>
    <test name="Default test" duration-ms="11946" started-at="2020-02-04T19:55:28 PST" finished-at="2020-02-04T19:55:40 PST">
      <class name="flipkartTestcases.SearchTestCase">
        <test-method status="PASS" signature="startUp()[pri:0, instance:flipkartTestcases.SearchTestCase@71bbf57e]" name="startUp" is-config="true" duration-ms="9003" started-at="2020-02-04T19:55:28 PST" finished-at="2020-02-04T19:55:37 PST">
          <reporter-output>
          </reporter-output>
        </test-method> <!-- startUp -->
        <test-method status="PASS" signature="search()[pri:0, instance:flipkartTestcases.SearchTestCase@71bbf57e]" name="search" duration-ms="2880" started-at="2020-02-04T19:55:37 PST" finished-at="2020-02-04T19:55:40 PST">
          <reporter-output>
          </reporter-output>
        </test-method> <!-- search -->
        <test-method status="PASS" signature="close()[pri:0, instance:flipkartTestcases.SearchTestCase@71bbf57e]" name="close" is-config="true" duration-ms="0" started-at="2020-02-04T19:55:40 PST" finished-at="2020-02-04T19:55:40 PST">
          <reporter-output>
          </reporter-output>
        </test-method> <!-- close -->
      </class> <!-- flipkartTestcases.SearchTestCase -->
    </test> <!-- Default test -->
  </suite> <!-- Default suite -->
</testng-results>
